INFO 2015-11-18 20:31:28 com.meituan.service.hotel.api.util.CampaignClientHelper 255 Line - begin to build campaign request
ERROR 2015-11-18 20:31:28 com.meituan.service.hotel.api.thrift.DataHotWordClientWrapper 58 Line - getHotWord error:
com.meituan.hotel.data.search.hotword.common.HotwordServiceException: HotwordServiceException exceptopn.
        at com.meituan.hotel.data.search.hotword.common.ClientTemplate.execute(ClientTemplate.java:55)
        at com.meituan.hotel.data.search.hotword.client.HotelHotWordClient.getCityHotWords(HotelHotWordClient.java:34)
        at com.meituan.service.hotel.api.thrift.DataHotWordClientWrapper.getHotWord(DataHotWordClientWrapper.java:50)
        at com.meituan.service.hotel.api.service.hotel.DataHotWordByCityService.getHotWordsBySearch(DataHotWordByCityService.java:60)
        at com.meituan.service.hotel.api.service.hotel.AbstractHotWordService.hotWord(AbstractHotWordService.java:160)
        at com.meituan.service.hotel.api.controller.hotel.HotelHotWordByCityController.hotWord(HotelHotWordByCityController.java:49)
        at sun.reflect.GeneratedMethodAccessor253.invoke(Unknown Source)
        at sun.reflect.DelegatingMethodAccessorImpl.invoke(DelegatingMethodAccessorImpl.java:43)
        at java.lang.reflect.Method.invoke(Method.java:601)
        at org.springframework.web.method.support.InvocableHandlerMethod.invoke(InvocableHandlerMethod.java:215)
        at org.springframework.web.method.support.InvocableHandlerMethod.invokeForRequest(InvocableHandlerMethod.java:132)
        at org.springframework.web.servlet.mvc.method.annotation.ServletInvocableHandlerMethod.invokeAndHandle(ServletInvocableHandlerMethod.java:104)
        at org.springframework.web.servlet.mvc.method.annotation.RequestMappingHandlerAdapter.invokeHandleMethod(RequestMappingHandlerAdapter.java:781)
        at org.springframework.web.servlet.mvc.method.annotation.RequestMappingHandlerAdapter.handleInternal(RequestMappingHandlerAdapter.java:721)
        at org.springframework.web.servlet.mvc.method.AbstractHandlerMethodAdapter.handle(AbstractHandlerMethodAdapter.java:83)
        at org.springframework.web.servlet.DispatcherServlet.doDispatch(DispatcherServlet.java:943)
        at org.springframework.web.servlet.DispatcherServlet.doService(DispatcherServlet.java:877)
        at org.springframework.web.servlet.FrameworkServlet.processRequest(FrameworkServlet.java:966)
        at org.springframework.web.servlet.FrameworkServlet.doGet(FrameworkServlet.java:857)
        at javax.servlet.http.HttpServlet.service(HttpServlet.java:735)
        at org.springframework.web.servlet.FrameworkServlet.service(FrameworkServlet.java:842)
        at javax.servlet.http.HttpServlet.service(HttpServlet.java:848)
        at org.eclipse.jetty.servlet.ServletHolder.handle(ServletHolder.java:669)
        at org.eclipse.jetty.servlet.ServletHandler$CachedChain.doFilter(ServletHandler.java:1448)
        at com.meituan.jmonitor.collector.http.HttpMonitorFilter.doFilter(HttpMonitorFilter.java:54)
        at org.eclipse.jetty.servlet.ServletHandler$CachedChain.doFilter(ServletHandler.java:1419)
        at org.springframework.web.filter.CharacterEncodingFilter.doFilterInternal(CharacterEncodingFilter.java:88)
        at org.springframework.web.filter.OncePerRequestFilter.doFilter(OncePerRequestFilter.java:107)
        at org.eclipse.jetty.servlet.ServletHandler$CachedChain.doFilter(ServletHandler.java:1419)
        at org.eclipse.jetty.servlet.ServletHandler.doHandle(ServletHandler.java:455)
        at org.eclipse.jetty.server.handler.ScopedHandler.handle(ScopedHandler.java:137)
        at org.eclipse.jetty.security.SecurityHandler.handle(SecurityHandler.java:557)
        at org.eclipse.jetty.server.session.SessionHandler.doHandle(SessionHandler.java:231)
        at org.eclipse.jetty.server.handler.ContextHandler.doHandle(ContextHandler.java:1075)
        at org.eclipse.jetty.servlet.ServletHandler.doScope(ServletHandler.java:384)
        at org.eclipse.jetty.server.session.SessionHandler.doScope(SessionHandler.java:193)
        at org.eclipse.jetty.server.handler.ContextHandler.doScope(ContextHandler.java:1009)
        at org.eclipse.jetty.server.handler.ScopedHandler.handle(ScopedHandler.java:135)
        at org.eclipse.jetty.server.handler.HandlerCollection.handle(HandlerCollection.java:154)
        at org.eclipse.jetty.server.handler.HandlerWrapper.handle(HandlerWrapper.java:116)
        at org.eclipse.jetty.server.Server.handle(Server.java:368)
        at org.eclipse.jetty.server.AbstractHttpConnection.handleRequest(AbstractHttpConnection.java:489)
        at org.eclipse.jetty.server.AbstractHttpConnection.headerComplete(AbstractHttpConnection.java:942)
        at org.eclipse.jetty.server.AbstractHttpConnection$RequestHandler.headerComplete(AbstractHttpConnection.java:1004)
        at org.eclipse.jetty.http.HttpParser.parseNext(HttpParser.java:640)
        at org.eclipse.jetty.http.HttpParser.parseAvailable(HttpParser.java:235)
        at org.eclipse.jetty.server.AsyncHttpConnection.handle(AsyncHttpConnection.java:82)
        at org.eclipse.jetty.io.nio.SelectChannelEndPoint.handle(SelectChannelEndPoint.java:628)
        at org.eclipse.jetty.io.nio.SelectChannelEndPoint$1.run(SelectChannelEndPoint.java:52)
        at org.eclipse.jetty.util.thread.QueuedThreadPool.runJob(QueuedThreadPool.java:608)
        at org.eclipse.jetty.util.thread.QueuedThreadPool$3.run(QueuedThreadPool.java:543)
        at java.lang.Thread.run(Thread.java:722:

Content-Disposition:form-data; name="upload1"; filename="/Users/jengowang/Downloads/Exception.log"
Content-Type:application/octet-stream
